[2020-08-18 23:34:21] local.ERROR: PDOException: SQLSTATE[HY000] [1045] Access denied for user 'homestead'@'localhost' (using password: YES) in O:\Other\tes kerja\javan\misi 2\silsilah\vendor\doctrine\dbal\lib\Doctrine\DBAL\Driver\PDOConnection.php:27
Stack trace:
#0 O:\Other\tes kerja\javan\misi 2\silsilah\vendor\doctrine\dbal\lib\Doctrine\DBAL\Driver\PDOConnection.php(27): PDO->__construct('mysql:host=127....', 'homestead', 'secret', Array)
#1 O:\Other\tes kerja\javan\misi 2\silsilah\vendor\illuminate\database\Connectors\Connector.php(67): Doctrine\DBAL\Driver\PDOConnection->__construct('mysql:host=127....', 'homestead', 'secret', Array)
#2 O:\Other\tes kerja\javan\misi 2\silsilah\vendor\illuminate\database\Connectors\Connector.php(46): Illuminate\Database\Connectors\Connector->createPdoConnection('mysql:host=127....', 'homestead', 'secret', Array)
#3 O:\Other\tes kerja\javan\misi 2\silsilah\vendor\illuminate\database\Connectors\MySqlConnector.php(24): Illuminate\Database\Connectors\Connector->createConnection('mysql:host=127....', Array, Array)
#4 O:\Other\tes kerja\javan\misi 2\silsilah\vendor\illuminate\database\Connectors\ConnectionFactory.php(184): Illuminate\Database\Connectors\MySqlConnector->connect(Array)
#5 [internal function]: Illuminate\Database\Connectors\ConnectionFactory->Illuminate\Database\Connectors\{closure}()
#6 O:\Other\tes kerja\javan\misi 2\silsilah\vendor\illuminate\database\Connection.php(926): call_user_func(Object(Closure))
#7 O:\Other\tes kerja\javan\misi 2\silsilah\vendor\illuminate\database\Connection.php(908): Illuminate\Database\Connection->getPdo()
#8 O:\Other\tes kerja\javan\misi 2\silsilah\vendor\kitloong\laravel-migrations-generator\src\KitLoong\MigrationsGenerator\MigrationsGeneratorSetting.php(52): Illuminate\Database\Connection->getDoctrineConnection()
#9 O:\Other\tes kerja\javan\misi 2\silsilah\vendor\kitloong\laravel-migrations-generator\src\KitLoong\MigrationsGenerator\MigrateGenerateCommand.php(135): KitLoong\MigrationsGenerator\MigrationsGeneratorSetting->setConnection('mysql')
#10 O:\Other\tes kerja\javan\misi 2\silsilah\vendor\kitloong\laravel-migrations-generator\src\KitLoong\MigrationsGenerator\MigrateGenerateCommand.php(115): KitLoong\MigrationsGenerator\MigrateGenerateCommand->setup('mysql')
#11 [internal function]: KitLoong\MigrationsGenerator\MigrateGenerateCommand->handle()
#12 O:\Other\tes kerja\javan\misi 2\silsilah\vendor\illuminate\container\BoundMethod.php(37): call_user_func_array(Array, Array)
#13 O:\Other\tes kerja\javan\misi 2\silsilah\vendor\illuminate\container\Util.php(37): Illuminate\Container\BoundMethod::Illuminate\Container\{closure}()
#14 O:\Other\tes kerja\javan\misi 2\silsilah\vendor\illuminate\container\BoundMethod.php(95): Illuminate\Container\Util::unwrapIfClosure(Object(Closure))
#15 O:\Other\tes kerja\javan\misi 2\silsilah\vendor\illuminate\container\BoundMethod.php(39): Illuminate\Container\BoundMethod::callBoundMethod(Object(Laravel\Lumen\Application), Array, Object(Closure))
#16 O:\Other\tes kerja\javan\misi 2\silsilah\vendor\illuminate\container\Container.php(596): Illuminate\Container\BoundMethod::call(Object(Laravel\Lumen\Application), Array, Array, NULL)
#17 O:\Other\tes kerja\javan\misi 2\silsilah\vendor\illuminate\console\Command.php(134): Illuminate\Container\Container->call(Array)
#18 O:\Other\tes kerja\javan\misi 2\silsilah\vendor\symfony\console\Command\Command.php(258): Illuminate\Console\Command->execute(Object(Symfony\Component\Console\Input\ArgvInput), Object(Illuminate\Console\OutputStyle))
#19 O:\Other\tes kerja\javan\misi 2\silsilah\vendor\illuminate\console\Command.php(121): Symfony\Component\Console\Command\Command->run(Object(Symfony\Component\Console\Input\ArgvInput), Object(Illuminate\Console\OutputStyle))
#20 O:\Other\tes kerja\javan\misi 2\silsilah\vendor\symfony\console\Application.php(911): Illuminate\Console\Command->run(Object(Symfony\Component\Console\Input\ArgvInput), Object(Symfony\Component\Console\Output\ConsoleOutput))
#21 O:\Other\tes kerja\javan\misi 2\silsilah\vendor\symfony\console\Application.php(264): Symfony\Component\Console\Application->doRunCommand(Object(KitLoong\MigrationsGenerator\MigrateGenerateCommand), Object(Symfony\Component\Console\Input\ArgvInput), Object(Symfony\Component\Console\Output\ConsoleOutput))
#22 O:\Other\tes kerja\javan\misi 2\silsilah\vendor\symfony\console\Application.php(140): Symfony\Component\Console\Application->doRun(Object(Symfony\Component\Console\Input\ArgvInput), Object(Symfony\Component\Console\Output\ConsoleOutput))
#23 O:\Other\tes kerja\javan\misi 2\silsilah\vendor\illuminate\console\Application.php(93): Symfony\Component\Console\Application->run(Object(Symfony\Component\Console\Input\ArgvInput), Object(Symfony\Component\Console\Output\ConsoleOutput))
#24 O:\Other\tes kerja\javan\misi 2\silsilah\vendor\laravel\lumen-framework\src\Console\Kernel.php(116): Illuminate\Console\Application->run(Object(Symfony\Component\Console\Input\ArgvInput), Object(Symfony\Component\Console\Output\ConsoleOutput))
#25 O:\Other\tes kerja\javan\misi 2\silsilah\artisan(35): Laravel\Lumen\Console\Kernel->handle(Object(Symfony\Component\Console\Input\ArgvInput), Object(Symfony\Component\Console\Output\ConsoleOutput))
#26 {main}

Next Doctrine\DBAL\Driver\PDOException: SQLSTATE[HY000] [1045] Access denied for user 'homestead'@'localhost' (using password: YES) in O:\Other\tes kerja\javan\misi 2\silsilah\vendor\doctrine\dbal\lib\Doctrine\DBAL\Driver\PDOConnection.php:31
Stack trace:
#0 O:\Other\tes kerja\javan\misi 2\silsilah\vendor\illuminate\database\Connectors\Connector.php(67): Doctrine\DBAL\Driver\PDOConnection->__construct('mysql:host=127....', 'homestead', 'secret', Array)
#1 O:\Other\tes kerja\javan\misi 2\silsilah\vendor\illuminate\database\Connectors\Connector.php(46): Illuminate\Database\Connectors\Connector->createPdoConnection('mysql:host=127....', 'homestead', 'secret', Array)
#2 O:\Other\tes kerja\javan\misi 2\silsilah\vendor\illuminate\database\Connectors\MySqlConnector.php(24): Illuminate\Database\Connectors\Connector->createConnection('mysql:host=127....', Array, Array)
#3 O:\Other\tes kerja\javan\misi 2\silsilah\vendor\illuminate\database\Connectors\ConnectionFactory.php(184): Illuminate\Database\Connectors\MySqlConnector->connect(Array)
#4 [internal function]: Illuminate\Database\Connectors\ConnectionFactory->Illuminate\Database\Connectors\{closure}()
#5 O:\Other\tes kerja\javan\misi 2\silsilah\vendor\illuminate\database\Connection.php(926): call_user_func(Object(Closure))
#6 O:\Other\tes kerja\javan\misi 2\silsilah\vendor\illuminate\database\Connection.php(908): Illuminate\Database\Connection->getPdo()
#7 O:\Other\tes kerja\javan\misi 2\silsilah\vendor\kitloong\laravel-migrations-generator\src\KitLoong\MigrationsGenerator\MigrationsGeneratorSetting.php(52): Illuminate\Database\Connection->getDoctrineConnection()
#8 O:\Other\tes kerja\javan\misi 2\silsilah\vendor\kitloong\laravel-migrations-generator\src\KitLoong\MigrationsGenerator\MigrateGenerateCommand.php(135): KitLoong\MigrationsGenerator\MigrationsGeneratorSetting->setConnection('mysql')
#9 O:\Other\tes kerja\javan\misi 2\silsilah\vendor\kitloong\laravel-migrations-generator\src\KitLoong\MigrationsGenerator\MigrateGenerateCommand.php(115): KitLoong\MigrationsGenerator\MigrateGenerateCommand->setup('mysql')
#10 [internal function]: KitLoong\MigrationsGenerator\MigrateGenerateCommand->handle()
#11 O:\Other\tes kerja\javan\misi 2\silsilah\vendor\illuminate\container\BoundMethod.php(37): call_user_func_array(Array, Array)
#12 O:\Other\tes kerja\javan\misi 2\silsilah\vendor\illuminate\container\Util.php(37): Illuminate\Container\BoundMethod::Illuminate\Container\{closure}()
#13 O:\Other\tes kerja\javan\misi 2\silsilah\vendor\illuminate\container\BoundMethod.php(95): Illuminate\Container\Util::unwrapIfClosure(Object(Closure))
#14 O:\Other\tes kerja\javan\misi 2\silsilah\vendor\illuminate\container\BoundMethod.php(39): Illuminate\Container\BoundMethod::callBoundMethod(Object(Laravel\Lumen\Application), Array, Object(Closure))
#15 O:\Other\tes kerja\javan\misi 2\silsilah\vendor\illuminate\container\Container.php(596): Illuminate\Container\BoundMethod::call(Object(Laravel\Lumen\Application), Array, Array, NULL)
#16 O:\Other\tes kerja\javan\misi 2\silsilah\vendor\illuminate\console\Command.php(134): Illuminate\Container\Container->call(Array)
#17 O:\Other\tes kerja\javan\misi 2\silsilah\vendor\symfony\console\Command\Command.php(258): Illuminate\Console\Command->execute(Object(Symfony\Component\Console\Input\ArgvInput), Object(Illuminate\Console\OutputStyle))
#18 O:\Other\tes kerja\javan\misi 2\silsilah\vendor\illuminate\console\Command.php(121): Symfony\Component\Console\Command\Command->run(Object(Symfony\Component\Console\Input\ArgvInput), Object(Illuminate\Console\OutputStyle))
#19 O:\Other\tes kerja\javan\misi 2\silsilah\vendor\symfony\console\Application.php(911): Illuminate\Console\Command->run(Object(Symfony\Component\Console\Input\ArgvInput), Object(Symfony\Component\Console\Output\ConsoleOutput))
#20 O:\Other\tes kerja\javan\misi 2\silsilah\vendor\symfony\console\Application.php(264): Symfony\Component\Console\Application->doRunCommand(Object(KitLoong\MigrationsGenerator\MigrateGenerateCommand), Object(Symfony\Component\Console\Input\ArgvInput), Object(Symfony\Component\Console\Output\ConsoleOutput))
#21 O:\Other\tes kerja\javan\misi 2\silsilah\vendor\symfony\console\Application.php(140): Symfony\Component\Console\Application->doRun(Object(Symfony\Component\Console\Input\ArgvInput), Object(Symfony\Component\Console\Output\ConsoleOutput))
#22 O:\Other\tes kerja\javan\misi 2\silsilah\vendor\illuminate\console\Application.php(93): Symfony\Component\Console\Application->run(Object(Symfony\Component\Console\Input\ArgvInput), Object(Symfony\Component\Console\Output\ConsoleOutput))
#23 O:\Other\tes kerja\javan\misi 2\silsilah\vendor\laravel\lumen-framework\src\Console\Kernel.php(116): Illuminate\Console\Application->run(Object(Symfony\Component\Console\Input\ArgvInput), Object(Symfony\Component\Console\Output\ConsoleOutput))
#24 O:\Other\tes kerja\javan\misi 2\silsilah\artisan(35): Laravel\Lumen\Console\Kernel->handle(Object(Symfony\Component\Console\Input\ArgvInput), Object(Symfony\Component\Console\Output\ConsoleOutput))
#25 {main} {"exception":"[object] (Doctrine\\DBAL\\Driver\\PDOException(code: 1045): SQLSTATE[HY000] [1045] Access denied for user 'homestead'@'localhost' (using password: YES) at O:\\Other\\tes kerja\\javan\\misi 2\\silsilah\\vendor\\doctrine\\dbal\\lib\\Doctrine\\DBAL\\Driver\\PDOConnection.php:31)
[stacktrace]
#0 O:\\Other\\tes kerja\\javan\\misi 2\\silsilah\\vendor\\illuminate\\database\\Connectors\\Connector.php(67): Doctrine\\DBAL\\Driver\\PDOConnection->__construct('mysql:host=127....', 'homestead', 'secret', Array)
#1 O:\\Other\\tes kerja\\javan\\misi 2\\silsilah\\vendor\\illuminate\\database\\Connectors\\Connector.php(46): Illuminate\\Database\\Connectors\\Connector->createPdoConnection('mysql:host=127....', 'homestead', 'secret', Array)
#2 O:\\Other\\tes kerja\\javan\\misi 2\\silsilah\\vendor\\illuminate\\database\\Connectors\\MySqlConnector.php(24): Illuminate\\Database\\Connectors\\Connector->createConnection('mysql:host=127....', Array, Array)
#3 O:\\Other\\tes kerja\\javan\\misi 2\\silsilah\\vendor\\illuminate\\database\\Connectors\\ConnectionFactory.php(184): Illuminate\\Database\\Connectors\\MySqlConnector->connect(Array)
#4 [internal function]: Illuminate\\Database\\Connectors\\ConnectionFactory->Illuminate\\Database\\Connectors\\{closure}()
#5 O:\\Other\\tes kerja\\javan\\misi 2\\silsilah\\vendor\\illuminate\\database\\Connection.php(926): call_user_func(Object(Closure))
#6 O:\\Other\\tes kerja\\javan\\misi 2\\silsilah\\vendor\\illuminate\\database\\Connection.php(908): Illuminate\\Database\\Connection->getPdo()
#7 O:\\Other\\tes kerja\\javan\\misi 2\\silsilah\\vendor\\kitloong\\laravel-migrations-generator\\src\\KitLoong\\MigrationsGenerator\\MigrationsGeneratorSetting.php(52): Illuminate\\Database\\Connection->getDoctrineConnection()
#8 O:\\Other\\tes kerja\\javan\\misi 2\\silsilah\\vendor\\kitloong\\laravel-migrations-generator\\src\\KitLoong\\MigrationsGenerator\\MigrateGenerateCommand.php(135): KitLoong\\MigrationsGenerator\\MigrationsGeneratorSetting->setConnection('mysql')
#9 O:\\Other\\tes kerja\\javan\\misi 2\\silsilah\\vendor\\kitloong\\laravel-migrations-generator\\src\\KitLoong\\MigrationsGenerator\\MigrateGenerateCommand.php(115): KitLoong\\MigrationsGenerator\\MigrateGenerateCommand->setup('mysql')
#10 [internal function]: KitLoong\\MigrationsGenerator\\MigrateGenerateCommand->handle()
#11 O:\\Other\\tes kerja\\javan\\misi 2\\silsilah\\vendor\\illuminate\\container\\BoundMethod.php(37): call_user_func_array(Array, Array)
#12 O:\\Other\\tes kerja\\javan\\misi 2\\silsilah\\vendor\\illuminate\\container\\Util.php(37): Illuminate\\Container\\BoundMethod::Illuminate\\Container\\{closure}()
#13 O:\\Other\\tes kerja\\javan\\misi 2\\silsilah\\vendor\\illuminate\\container\\BoundMethod.php(95): Illuminate\\Container\\Util::unwrapIfClosure(Object(Closure))
#14 O:\\Other\\tes kerja\\javan\\misi 2\\silsilah\\vendor\\illuminate\\container\\BoundMethod.php(39): Illuminate\\Container\\BoundMethod::callBoundMethod(Object(Laravel\\Lumen\\Application), Array, Object(Closure))
#15 O:\\Other\\tes kerja\\javan\\misi 2\\silsilah\\vendor\\illuminate\\container\\Container.php(596): Illuminate\\Container\\BoundMethod::call(Object(Laravel\\Lumen\\Application), Array, Array, NULL)
#16 O:\\Other\\tes kerja\\javan\\misi 2\\silsilah\\vendor\\illuminate\\console\\Command.php(134): Illuminate\\Container\\Container->call(Array)
#17 O:\\Other\\tes kerja\\javan\\misi 2\\silsilah\\vendor\\symfony\\console\\Command\\Command.php(258): Illuminate\\Console\\Command->execute(Object(Symfony\\Component\\Console\\Input\\ArgvInput), Object(Illuminate\\Console\\OutputStyle))
#18 O:\\Other\\tes kerja\\javan\\misi 2\\silsilah\\vendor\\illuminate\\console\\Command.php(121): Symfony\\Component\\Console\\Command\\Command->run(Object(Symfony\\Component\\Console\\Input\\ArgvInput), Object(Illuminate\\Console\\OutputStyle))
#19 O:\\Other\\tes kerja\\javan\\misi 2\\silsilah\\vendor\\symfony\\console\\Application.php(911): Illuminate\\Console\\Command->run(Object(Symfony\\Component\\Console\\Input\\ArgvInput), Object(Symfony\\Component\\Console\\Output\\ConsoleOutput))
#20 O:\\Other\\tes kerja\\javan\\misi 2\\silsilah\\vendor\\symfony\\console\\Application.php(264): Symfony\\Component\\Console\\Application->doRunCommand(Object(KitLoong\\MigrationsGenerator\\MigrateGenerateCommand), Object(Symfony\\Component\\Console\\Input\\ArgvInput), Object(Symfony\\Component\\Console\\Output\\ConsoleOutput))
#21 O:\\Other\\tes kerja\\javan\\misi 2\\silsilah\\vendor\\symfony\\console\\Application.php(140): Symfony\\Component\\Console\\Application->doRun(Object(Symfony\\Component\\Console\\Input\\ArgvInput), Object(Symfony\\Component\\Console\\Output\\ConsoleOutput))
#22 O:\\Other\\tes kerja\\javan\\misi 2\\silsilah\\vendor\\illuminate\\console\\Application.php(93): Symfony\\Component\\Console\\Application->run(Object(Symfony\\Component\\Console\\Input\\ArgvInput), Object(Symfony\\Component\\Console\\Output\\ConsoleOutput))
#23 O:\\Other\\tes kerja\\javan\\misi 2\\silsilah\\vendor\\laravel\\lumen-framework\\src\\Console\\Kernel.php(116): Illuminate\\Console\\Application->run(Object(Symfony\\Component\\Console\\Input\\ArgvInput), Object(Symfony\\Component\\Console\\Output\\ConsoleOutput))
#24 O:\\Other\\tes kerja\\javan\\misi 2\\silsilah\\artisan(35): Laravel\\Lumen\\Console\\Kernel->handle(Object(Symfony\\Component\\Console\\Input\\ArgvInput), Object(Symfony\\Component\\Console\\Output\\ConsoleOutput))
#25 {main}

[previous exception] [object] (PDOException(code: 1045): SQLSTATE[HY000] [1045] Access denied for user 'homestead'@'localhost' (using password: YES) at O:\\Other\\tes kerja\\javan\\misi 2\\silsilah\\vendor\\doctrine\\dbal\\lib\\Doctrine\\DBAL\\Driver\\PDOConnection.php:27)
[stacktrace]
#0 O:\\Other\\tes kerja\\javan\\misi 2\\silsilah\\vendor\\doctrine\\dbal\\lib\\Doctrine\\DBAL\\Driver\\PDOConnection.php(27): PDO->__construct('mysql:host=127....', 'homestead', 'secret', Array)
#1 O:\\Other\\tes kerja\\javan\\misi 2\\silsilah\\vendor\\illuminate\\database\\Connectors\\Connector.php(67): Doctrine\\DBAL\\Driver\\PDOConnection->__construct('mysql:host=127....', 'homestead', 'secret', Array)
#2 O:\\Other\\tes kerja\\javan\\misi 2\\silsilah\\vendor\\illuminate\\database\\Connectors\\Connector.php(46): Illuminate\\Database\\Connectors\\Connector->createPdoConnection('mysql:host=127....', 'homestead', 'secret', Array)
#3 O:\\Other\\tes kerja\\javan\\misi 2\\silsilah\\vendor\\illuminate\\database\\Connectors\\MySqlConnector.php(24): Illuminate\\Database\\Connectors\\Connector->createConnection('mysql:host=127....', Array, Array)
#4 O:\\Other\\tes kerja\\javan\\misi 2\\silsilah\\vendor\\illuminate\\database\\Connectors\\ConnectionFactory.php(184): Illuminate\\Database\\Connectors\\MySqlConnector->connect(Array)
#5 [internal function]: Illuminate\\Database\\Connectors\\ConnectionFactory->Illuminate\\Database\\Connectors\\{closure}()
#6 O:\\Other\\tes kerja\\javan\\misi 2\\silsilah\\vendor\\illuminate\\database\\Connection.php(926): call_user_func(Object(Closure))
#7 O:\\Other\\tes kerja\\javan\\misi 2\\silsilah\\vendor\\illuminate\\database\\Connection.php(908): Illuminate\\Database\\Connection->getPdo()
#8 O:\\Other\\tes kerja\\javan\\misi 2\\silsilah\\vendor\\kitloong\\laravel-migrations-generator\\src\\KitLoong\\MigrationsGenerator\\MigrationsGeneratorSetting.php(52): Illuminate\\Database\\Connection->getDoctrineConnection()
#9 O:\\Other\\tes kerja\\javan\\misi 2\\silsilah\\vendor\\kitloong\\laravel-migrations-generator\\src\\KitLoong\\MigrationsGenerator\\MigrateGenerateCommand.php(135): KitLoong\\MigrationsGenerator\\MigrationsGeneratorSetting->setConnection('mysql')
#10 O:\\Other\\tes kerja\\javan\\misi 2\\silsilah\\vendor\\kitloong\\laravel-migrations-generator\\src\\KitLoong\\MigrationsGenerator\\MigrateGenerateCommand.php(115): KitLoong\\MigrationsGenerator\\MigrateGenerateCommand->setup('mysql')
#11 [internal function]: KitLoong\\MigrationsGenerator\\MigrateGenerateCommand->handle()
#12 O:\\Other\\tes kerja\\javan\\misi 2\\silsilah\\vendor\\illuminate\\container\\BoundMethod.php(37): call_user_func_array(Array, Array)
#13 O:\\Other\\tes kerja\\javan\\misi 2\\silsilah\\vendor\\illuminate\\container\\Util.php(37): Illuminate\\Container\\BoundMethod::Illuminate\\Container\\{closure}()
#14 O:\\Other\\tes kerja\\javan\\misi 2\\silsilah\\vendor\\illuminate\\container\\BoundMethod.php(95): Illuminate\\Container\\Util::unwrapIfClosure(Object(Closure))
#15 O:\\Other\\tes kerja\\javan\\misi 2\\silsilah\\vendor\\illuminate\\container\\BoundMethod.php(39): Illuminate\\Container\\BoundMethod::callBoundMethod(Object(Laravel\\Lumen\\Application), Array, Object(Closure))
#16 O:\\Other\\tes kerja\\javan\\misi 2\\silsilah\\vendor\\illuminate\\container\\Container.php(596): Illuminate\\Container\\BoundMethod::call(Object(Laravel\\Lumen\\Application), Array, Array, NULL)
#17 O:\\Other\\tes kerja\\javan\\misi 2\\silsilah\\vendor\\illuminate\\console\\Command.php(134): Illuminate\\Container\\Container->call(Array)
#18 O:\\Other\\tes kerja\\javan\\misi 2\\silsilah\\vendor\\symfony\\console\\Command\\Command.php(258): Illuminate\\Console\\Command->execute(Object(Symfony\\Component\\Console\\Input\\ArgvInput), Object(Illuminate\\Console\\OutputStyle))
#19 O:\\Other\\tes kerja\\javan\\misi 2\\silsilah\\vendor\\illuminate\\console\\Command.php(121): Symfony\\Component\\Console\\Command\\Command->run(Object(Symfony\\Component\\Console\\Input\\ArgvInput), Object(Illuminate\\Console\\OutputStyle))
#20 O:\\Other\\tes kerja\\javan\\misi 2\\silsilah\\vendor\\symfony\\console\\Application.php(911): Illuminate\\Console\\Command->run(Object(Symfony\\Component\\Console\\Input\\ArgvInput), Object(Symfony\\Component\\Console\\Output\\ConsoleOutput))
#21 O:\\Other\\tes kerja\\javan\\misi 2\\silsilah\\vendor\\symfony\\console\\Application.php(264): Symfony\\Component\\Console\\Application->doRunCommand(Object(KitLoong\\MigrationsGenerator\\MigrateGenerateCommand), Object(Symfony\\Component\\Console\\Input\\ArgvInput), Object(Symfony\\Component\\Console\\Output\\ConsoleOutput))
#22 O:\\Other\\tes kerja\\javan\\misi 2\\silsilah\\vendor\\symfony\\console\\Application.php(140): Symfony\\Component\\Console\\Application->doRun(Object(Symfony\\Component\\Console\\Input\\ArgvInput), Object(Symfony\\Component\\Console\\Output\\ConsoleOutput))
#23 O:\\Other\\tes kerja\\javan\\misi 2\\silsilah\\vendor\\illuminate\\console\\Application.php(93): Symfony\\Component\\Console\\Application->run(Object(Symfony\\Component\\Console\\Input\\ArgvInput), Object(Symfony\\Component\\Console\\Output\\ConsoleOutput))
#24 O:\\Other\\tes kerja\\javan\\misi 2\\silsilah\\vendor\\laravel\\lumen-framework\\src\\Console\\Kernel.php(116): Illuminate\\Console\\Application->run(Object(Symfony\\Component\\Console\\Input\\ArgvInput), Object(Symfony\\Component\\Console\\Output\\ConsoleOutput))
#25 O:\\Other\\tes kerja\\javan\\misi 2\\silsilah\\artisan(35): Laravel\\Lumen\\Console\\Kernel->handle(Object(Symfony\\Component\\Console\\Input\\ArgvInput), Object(Symfony\\Component\\Console\\Output\\ConsoleOutput))
#26 {main}
"} 
[2020-08-18 23:59:49] local.ERROR: Error: Class 'App\Silsilah' not found in O:\Other\tes kerja\javan\misi 2\silsilah\app\Http\Controllers\SilsilahController.php:13
Stack trace:
#0 [internal function]: App\Http\Controllers\SilsilahController->showAllSilsilah()
#1 O:\Other\tes kerja\javan\misi 2\silsilah\vendor\illuminate\container\BoundMethod.php(37): call_user_func_array(Array, Array)
#2 O:\Other\tes kerja\javan\misi 2\silsilah\vendor\illuminate\container\Util.php(37): Illuminate\Container\BoundMethod::Illuminate\Container\{closure}()
#3 O:\Other\tes kerja\javan\misi 2\silsilah\vendor\illuminate\container\BoundMethod.php(95): Illuminate\Container\Util::unwrapIfClosure(Object(Closure))
#4 O:\Other\tes kerja\javan\misi 2\silsilah\vendor\illuminate\container\BoundMethod.php(39): Illuminate\Container\BoundMethod::callBoundMethod(Object(Laravel\Lumen\Application), Array, Object(Closure))
#5 O:\Other\tes kerja\javan\misi 2\silsilah\vendor\illuminate\container\Container.php(596): Illuminate\Container\BoundMethod::call(Object(Laravel\Lumen\Application), Array, Array, NULL)
#6 O:\Other\tes kerja\javan\misi 2\silsilah\vendor\laravel\lumen-framework\src\Concerns\RoutesRequests.php(386): Illuminate\Container\Container->call(Array, Array)
#7 O:\Other\tes kerja\javan\misi 2\silsilah\vendor\laravel\lumen-framework\src\Concerns\RoutesRequests.php(352): Laravel\Lumen\Application->callControllerCallable(Array, Array)
#8 O:\Other\tes kerja\javan\misi 2\silsilah\vendor\laravel\lumen-framework\src\Concerns\RoutesRequests.php(326): Laravel\Lumen\Application->callLumenController(Object(App\Http\Controllers\SilsilahController), 'showAllSilsilah', Array)
#9 O:\Other\tes kerja\javan\misi 2\silsilah\vendor\laravel\lumen-framework\src\Concerns\RoutesRequests.php(279): Laravel\Lumen\Application->callControllerAction(Array)
#10 O:\Other\tes kerja\javan\misi 2\silsilah\vendor\laravel\lumen-framework\src\Concerns\RoutesRequests.php(264): Laravel\Lumen\Application->callActionOnArrayBasedRoute(Array)
#11 O:\Other\tes kerja\javan\misi 2\silsilah\vendor\laravel\lumen-framework\src\Concerns\RoutesRequests.php(166): Laravel\Lumen\Application->handleFoundRoute(Array)
#12 O:\Other\tes kerja\javan\misi 2\silsilah\vendor\laravel\lumen-framework\src\Concerns\RoutesRequests.php(426): Laravel\Lumen\Application->Laravel\Lumen\Concerns\{closure}(Object(Laravel\Lumen\Http\Request))
#13 O:\Other\tes kerja\javan\misi 2\silsilah\vendor\laravel\lumen-framework\src\Concerns\RoutesRequests.php(172): Laravel\Lumen\Application->sendThroughPipeline(Array, Object(Closure))
#14 O:\Other\tes kerja\javan\misi 2\silsilah\vendor\laravel\lumen-framework\src\Concerns\RoutesRequests.php(109): Laravel\Lumen\Application->dispatch(NULL)
#15 O:\Other\tes kerja\javan\misi 2\silsilah\public\index.php(28): Laravel\Lumen\Application->run()
#16 {main} {"exception":"[object] (Error(code: 0): Class 'App\\Silsilah' not found at O:\\Other\\tes kerja\\javan\\misi 2\\silsilah\\app\\Http\\Controllers\\SilsilahController.php:13)
[stacktrace]
#0 [internal function]: App\\Http\\Controllers\\SilsilahController->showAllSilsilah()
#1 O:\\Other\\tes kerja\\javan\\misi 2\\silsilah\\vendor\\illuminate\\container\\BoundMethod.php(37): call_user_func_array(Array, Array)
#2 O:\\Other\\tes kerja\\javan\\misi 2\\silsilah\\vendor\\illuminate\\container\\Util.php(37): Illuminate\\Container\\BoundMethod::Illuminate\\Container\\{closure}()
#3 O:\\Other\\tes kerja\\javan\\misi 2\\silsilah\\vendor\\illuminate\\container\\BoundMethod.php(95): Illuminate\\Container\\Util::unwrapIfClosure(Object(Closure))
#4 O:\\Other\\tes kerja\\javan\\misi 2\\silsilah\\vendor\\illuminate\\container\\BoundMethod.php(39): Illuminate\\Container\\BoundMethod::callBoundMethod(Object(Laravel\\Lumen\\Application), Array, Object(Closure))
#5 O:\\Other\\tes kerja\\javan\\misi 2\\silsilah\\vendor\\illuminate\\container\\Container.php(596): Illuminate\\Container\\BoundMethod::call(Object(Laravel\\Lumen\\Application), Array, Array, NULL)
#6 O:\\Other\\tes kerja\\javan\\misi 2\\silsilah\\vendor\\laravel\\lumen-framework\\src\\Concerns\\RoutesRequests.php(386): Illuminate\\Container\\Container->call(Array, Array)
#7 O:\\Other\\tes kerja\\javan\\misi 2\\silsilah\\vendor\\laravel\\lumen-framework\\src\\Concerns\\RoutesRequests.php(352): Laravel\\Lumen\\Application->callControllerCallable(Array, Array)
#8 O:\\Other\\tes kerja\\javan\\misi 2\\silsilah\\vendor\\laravel\\lumen-framework\\src\\Concerns\\RoutesRequests.php(326): Laravel\\Lumen\\Application->callLumenController(Object(App\\Http\\Controllers\\SilsilahController), 'showAllSilsilah', Array)
#9 O:\\Other\\tes kerja\\javan\\misi 2\\silsilah\\vendor\\laravel\\lumen-framework\\src\\Concerns\\RoutesRequests.php(279): Laravel\\Lumen\\Application->callControllerAction(Array)
#10 O:\\Other\\tes kerja\\javan\\misi 2\\silsilah\\vendor\\laravel\\lumen-framework\\src\\Concerns\\RoutesRequests.php(264): Laravel\\Lumen\\Application->callActionOnArrayBasedRoute(Array)
#11 O:\\Other\\tes kerja\\javan\\misi 2\\silsilah\\vendor\\laravel\\lumen-framework\\src\\Concerns\\RoutesRequests.php(166): Laravel\\Lumen\\Application->handleFoundRoute(Array)
#12 O:\\Other\\tes kerja\\javan\\misi 2\\silsilah\\vendor\\laravel\\lumen-framework\\src\\Concerns\\RoutesRequests.php(426): Laravel\\Lumen\\Application->Laravel\\Lumen\\Concerns\\{closure}(Object(Laravel\\Lumen\\Http\\Request))
#13 O:\\Other\\tes kerja\\javan\\misi 2\\silsilah\\vendor\\laravel\\lumen-framework\\src\\Concerns\\RoutesRequests.php(172): Laravel\\Lumen\\Application->sendThroughPipeline(Array, Object(Closure))
#14 O:\\Other\\tes kerja\\javan\\misi 2\\silsilah\\vendor\\laravel\\lumen-framework\\src\\Concerns\\RoutesRequests.php(109): Laravel\\Lumen\\Application->dispatch(NULL)
#15 O:\\Other\\tes kerja\\javan\\misi 2\\silsilah\\public\\index.php(28): Laravel\\Lumen\\Application->run()
#16 {main}
"} 
